[29/Dec/2016 08:35:40] "GET / HTTP/1.0" 302 0
[29/Dec/2016 08:35:40] "GET /accounts/login/?next=/ HTTP/1.0" 200 3229
[29/Dec/2016 08:35:41] "GET /static/bootstrap/3.3.4/js/bootstrap.min.js HTTP/1.0" 200 35951
[29/Dec/2016 08:35:41] "GET /static/otherjs/jquery.min.js HTTP/1.0" 200 95966
[29/Dec/2016 08:35:41] "GET /static/theme/cover.css HTTP/1.0" 200 2531
[29/Dec/2016 08:35:41] "GET /static/otherjs/ie-emulation-modes-warning.js HTTP/1.0" 200 2132
[29/Dec/2016 08:35:41] "GET /static/bootstrap/3.3.4/css/bootstrap.min.css HTTP/1.0" 200 117305
[29/Dec/2016 08:35:41] "GET /static/otherjs/docs.min.js HTTP/1.0" 200 44128
[29/Dec/2016 08:35:41] "GET /static/otherjs/ie10-viewport-bug-workaround.js HTTP/1.0" 200 694
[29/Dec/2016 08:35:41] "GET /static/otherjs/cloud.js HTTP/1.0" 200 46136
[29/Dec/2016 08:35:42] "GET /static/otherjs/ga.js HTTP/1.0" 200 40948
[29/Dec/2016 08:35:42] "GET /accounts/login/?noCache=1482971741004 HTTP/1.0" 200 3229
[29/Dec/2016 08:35:45] "POST /accounts/login/?next=/ HTTP/1.0" 302 0
[29/Dec/2016 08:35:45] "GET / HTTP/1.0" 200 6517
[29/Dec/2016 08:35:45] "GET /static/bootstrap/3.3.4/css/bootstrap-theme.min.css HTTP/1.0" 200 19963
[29/Dec/2016 08:35:45] "GET /static/theme/dashboard.css HTTP/1.0" 200 1557
[29/Dec/2016 08:35:45] "GET /static/otherjs/dzhops.js HTTP/1.0" 200 14853
[29/Dec/2016 08:35:45] "GET /static/img/sa.jpg HTTP/1.0" 200 5895
[29/Dec/2016 08:35:45] "GET /static/bootstrap/3.3.4/fonts/glyphicons-halflings-regular.woff2 HTTP/1.0" 200 18028
[29/Dec/2016 08:35:45] "GET /?noCache=1482971743906 HTTP/1.0" 200 6517
Validating models...

0 errors found
December 29, 2016 - 08:35:30
Django version 1.5, using settings 'sadweb.settings'
Development server is running at http://0.0.0.0:12000/
Quit the server with CONTROL-C.
2016-12-29 08:35:02
2016-12-29 08:35:01
2016-12-29 08:30:01
2016-12-29 08:35:02
2016-12-29 08:35:01
2016-12-29 08:30:01
[29/Dec/2016 08:36:13] "GET /index/index/ HTTP/1.0" 200 6517
[29/Dec/2016 08:36:13] "GET /index/index/?noCache=1482971771672 HTTP/1.0" 200 6517
[29/Dec/2016 08:36:13] "GET /static/img/favicon.ico HTTP/1.0" 200 1150
Internal Server Error: /keys/show/
Traceback (most recent call last):
  File "/usr/lib/python2.6/site-packages/django/core/handlers/base.py", line 115, in get_response
    response = callback(request, *callback_args, **callback_kwargs)
  File "/usr/lib/python2.6/site-packages/django/contrib/auth/decorators.py", line 25, in _wrapped_view
    return view_func(request, *args, **kwargs)
  File "/usr/local/sadweb/managekeys/views.py", line 37, in manageMinionKeys
    password=settings.SALT_API['password']
  File "/usr/local/sadweb/saltstack/saltapi.py", line 11, in __init__
    self.__token_id = self.saltLogin()
  File "/usr/local/sadweb/saltstack/saltapi.py", line 20, in saltLogin
    opener = urllib2.urlopen(req)
  File "/usr/lib64/python2.6/urllib2.py", line 126, in urlopen
    return _opener.open(url, data, timeout)
  File "/usr/lib64/python2.6/urllib2.py", line 397, in open
    response = meth(req, response)
  File "/usr/lib64/python2.6/urllib2.py", line 510, in http_response
    'http', request, response, code, msg, hdrs)
  File "/usr/lib64/python2.6/urllib2.py", line 435, in error
    return self._call_chain(*args)
  File "/usr/lib64/python2.6/urllib2.py", line 369, in _call_chain
    result = func(*args)
  File "/usr/lib64/python2.6/urllib2.py", line 518, in http_error_default
    raise HTTPError(req.get_full_url(), code, msg, hdrs, fp)
HTTPError: HTTP Error 401: Unauthorized
[29/Dec/2016 08:36:15] "GET /keys/show/ HTTP/1.0" 500 103849
[29/Dec/2016 08:36:28] "GET /index/index/?noCache=1482971786949 HTTP/1.0" 200 6517
[29/Dec/2016 08:36:54] "GET /index/index/ HTTP/1.0" 200 6517
[29/Dec/2016 08:36:54] "GET /static/img/favicon.ico HTTP/1.0" 200 1150
[29/Dec/2016 08:36:54] "GET /index/index/?noCache=1482971813061 HTTP/1.0" 200 6517
[29/Dec/2016 08:36:56] "GET /index/index/ HTTP/1.0" 200 6517
[29/Dec/2016 08:36:56] "GET /static/img/favicon.ico HTTP/1.0" 200 1150
[29/Dec/2016 08:36:56] "GET /index/index/?noCache=1482971814608 HTTP/1.0" 200 6517
[29/Dec/2016 08:36:56] "GET /index/index/ HTTP/1.0" 200 6517
[29/Dec/2016 08:36:56] "GET /static/img/favicon.ico HTTP/1.0" 200 1150
[29/Dec/2016 08:36:57] "GET /index/index/?noCache=1482971815242 HTTP/1.0" 200 6517
[29/Dec/2016 08:36:57] "GET /index/index/ HTTP/1.0" 200 6517
[29/Dec/2016 08:36:57] "GET /static/img/favicon.ico HTTP/1.0" 200 1150
[29/Dec/2016 08:36:57] "GET /index/index/?noCache=1482971815740 HTTP/1.0" 200 6517
[29/Dec/2016 08:36:57] "GET /index/index/ HTTP/1.0" 200 6517
[29/Dec/2016 08:36:57] "GET /static/img/favicon.ico HTTP/1.0" 200 1150
[29/Dec/2016 08:36:57] "GET /index/index/?noCache=1482971816125 HTTP/1.0" 200 6517
[29/Dec/2016 08:36:58] "GET /index/index/ HTTP/1.0" 200 6517
[29/Dec/2016 08:36:58] "GET /static/img/favicon.ico HTTP/1.0" 200 1150
[29/Dec/2016 08:36:58] "GET /index/index/?noCache=1482971816537 HTTP/1.0" 200 6517
[29/Dec/2016 08:36:58] "GET /index/index/ HTTP/1.0" 200 6517
[29/Dec/2016 08:36:58] "GET /static/img/favicon.ico HTTP/1.0" 200 1150
[29/Dec/2016 08:36:58] "GET /index/index/?noCache=1482971817009 HTTP/1.0" 200 6517
[29/Dec/2016 08:36:59] "GET /index/index/ HTTP/1.0" 200 6517
[29/Dec/2016 08:36:59] "GET /static/img/favicon.ico HTTP/1.0" 200 1150
[29/Dec/2016 08:36:59] "GET /index/index/?noCache=1482971817528 HTTP/1.0" 200 6517
[29/Dec/2016 08:36:59] "GET /index/index/ HTTP/1.0" 200 6517
[29/Dec/2016 08:36:59] "GET /static/img/favicon.ico HTTP/1.0" 200 1150
[29/Dec/2016 08:36:59] "GET /index/index/?noCache=1482971818063 HTTP/1.0" 200 6517
[29/Dec/2016 08:37:00] "GET /index/index/ HTTP/1.0" 200 6517
[29/Dec/2016 08:37:00] "GET /static/img/favicon.ico HTTP/1.0" 200 1150
[29/Dec/2016 08:37:00] "GET /index/index/?noCache=1482971818544 HTTP/1.0" 200 6517
[29/Dec/2016 08:37:00] "GET /index/index/ HTTP/1.0" 200 6517
[29/Dec/2016 08:37:00] "GET /static/img/favicon.ico HTTP/1.0" 200 1150
[29/Dec/2016 08:37:00] "GET /index/index/?noCache=1482971819153 HTTP/1.0" 200 6517
[29/Dec/2016 08:37:01] "GET /index/index/ HTTP/1.0" 200 6517
[29/Dec/2016 08:37:01] "GET /static/img/favicon.ico HTTP/1.0" 200 1150
[29/Dec/2016 08:37:01] "GET /index/index/?noCache=1482971819695 HTTP/1.0" 200 6517
Internal Server Error: /keys/show/
Traceback (most recent call last):
  File "/usr/lib/python2.6/site-packages/django/core/handlers/base.py", line 115, in get_response
    response = callback(request, *callback_args, **callback_kwargs)
  File "/usr/lib/python2.6/site-packages/django/contrib/auth/decorators.py", line 25, in _wrapped_view
    return view_func(request, *args, **kwargs)
  File "/usr/local/sadweb/managekeys/views.py", line 39, in manageMinionKeys
    minions, minions_pre, minions_rej = sapi.allMinionKeys()
  File "/usr/local/sadweb/saltstack/saltapi.py", line 97, in allMinionKeys
    content = self.postRequest(obj)
  File "/usr/local/sadweb/saltstack/saltapi.py", line 52, in postRequest
    opener = urllib2.urlopen(req)
  File "/usr/lib64/python2.6/urllib2.py", line 126, in urlopen
    return _opener.open(url, data, timeout)
  File "/usr/lib64/python2.6/urllib2.py", line 397, in open
    response = meth(req, response)
  File "/usr/lib64/python2.6/urllib2.py", line 510, in http_response
    'http', request, response, code, msg, hdrs)
  File "/usr/lib64/python2.6/urllib2.py", line 435, in error
    return self._call_chain(*args)
  File "/usr/lib64/python2.6/urllib2.py", line 369, in _call_chain
    result = func(*args)
  File "/usr/lib64/python2.6/urllib2.py", line 518, in http_error_default
    raise HTTPError(req.get_full_url(), code, msg, hdrs, fp)
HTTPError: HTTP Error 401: Unauthorized
[29/Dec/2016 08:55:23] "GET /keys/show/ HTTP/1.0" 500 103870
[29/Dec/2016 08:55:25] "GET /index/index/?noCache=1482972923824 HTTP/1.0" 200 6517
[29/Dec/2016 08:55:29] "GET /index/index/ HTTP/1.0" 200 6517
[29/Dec/2016 08:55:30] "GET /static/img/favicon.ico HTTP/1.0" 200 1150
[29/Dec/2016 08:55:30] "GET /index/index/?noCache=1482972928342 HTTP/1.0" 200 6517
[29/Dec/2016 08:55:31] "GET /index/index/ HTTP/1.0" 200 6517
[29/Dec/2016 08:55:31] "GET /static/img/favicon.ico HTTP/1.0" 200 1150
[29/Dec/2016 08:55:31] "GET /index/index/?noCache=1482972929714 HTTP/1.0" 200 6517
[29/Dec/2016 08:55:31] "GET /index/index/ HTTP/1.0" 200 6517
[29/Dec/2016 08:55:31] "GET /static/img/favicon.ico HTTP/1.0" 200 1150
[29/Dec/2016 08:55:31] "GET /index/index/?noCache=1482972930149 HTTP/1.0" 200 6517
[29/Dec/2016 08:55:32] "GET /index/index/ HTTP/1.0" 200 6517
[29/Dec/2016 08:55:32] "GET /static/img/favicon.ico HTTP/1.0" 200 1150
[29/Dec/2016 08:55:32] "GET /index/index/?noCache=1482972930516 HTTP/1.0" 200 6517
[29/Dec/2016 08:55:32] "GET /index/index/ HTTP/1.0" 200 6517
[29/Dec/2016 08:55:32] "GET /static/img/favicon.ico HTTP/1.0" 200 1150
[29/Dec/2016 08:55:32] "GET /index/index/?noCache=1482972930755 HTTP/1.0" 200 6517
[29/Dec/2016 08:55:32] "GET /index/index/ HTTP/1.0" 200 6517
[29/Dec/2016 08:55:32] "GET /index/index/?noCache=1482972931011 HTTP/1.0" 200 6517
[29/Dec/2016 08:55:32] "GET /index/index/ HTTP/1.0" 200 6517
[29/Dec/2016 08:55:33] "GET /static/img/favicon.ico HTTP/1.0" 200 1150
[29/Dec/2016 08:55:33] "GET /index/index/?noCache=1482972931245 HTTP/1.0" 200 6517
[29/Dec/2016 08:55:33] "GET /index/index/ HTTP/1.0" 200 6517
[29/Dec/2016 08:55:33] "GET /index/index/ HTTP/1.0" 200 6517
[29/Dec/2016 08:55:33] "GET /index/index/?noCache=1482972931491 HTTP/1.0" 200 6517
[29/Dec/2016 08:55:33] "GET /index/index/?noCache=1482972931700 HTTP/1.0" 200 6517
[29/Dec/2016 08:55:33] "GET /index/index/ HTTP/1.0" 200 6517
[29/Dec/2016 08:55:33] "GET /static/img/favicon.ico HTTP/1.0" 200 1150
[29/Dec/2016 08:55:33] "GET /static/img/favicon.ico HTTP/1.0" 200 1150
[29/Dec/2016 08:55:33] "GET /index/index/?noCache=1482972931913 HTTP/1.0" 200 6517
[29/Dec/2016 08:55:33] "GET /index/index/ HTTP/1.0" 200 6517
[29/Dec/2016 08:55:33] "GET /index/index/?noCache=1482972932124 HTTP/1.0" 200 6517
[29/Dec/2016 13:29:13] "GET /keys/show/ HTTP/1.0" 302 0
[29/Dec/2016 13:29:13] "GET /accounts/login/?next=/keys/show/ HTTP/1.0" 200 3229
[29/Dec/2016 13:29:13] "GET /static/bootstrap/3.3.4/css/bootstrap.min.css HTTP/1.0" 200 117305
[29/Dec/2016 13:29:13] "GET /static/bootstrap/3.3.4/js/bootstrap.min.js HTTP/1.0" 200 35951
[29/Dec/2016 13:29:13] "GET /static/otherjs/jquery.min.js HTTP/1.0" 200 95966
[29/Dec/2016 13:29:13] "GET /static/otherjs/ie-emulation-modes-warning.js HTTP/1.0" 200 2132
[29/Dec/2016 13:29:13] "GET /static/theme/cover.css HTTP/1.0" 200 2531
[29/Dec/2016 13:29:14] "GET /static/otherjs/docs.min.js HTTP/1.0" 200 44128
[29/Dec/2016 13:29:14] "GET /static/otherjs/ie10-viewport-bug-workaround.js HTTP/1.0" 200 694
[29/Dec/2016 13:29:14] "GET /static/otherjs/cloud.js HTTP/1.0" 200 46136
[29/Dec/2016 13:29:15] "GET /static/otherjs/ga.js HTTP/1.0" 200 40948
[29/Dec/2016 13:29:16] "GET /accounts/login/?noCache=1482989355561 HTTP/1.0" 200 3229
[29/Dec/2016 13:29:17] "POST /accounts/login/?next=/keys/show/ HTTP/1.0" 302 0
Internal Server Error: /keys/show/
Traceback (most recent call last):
  File "/usr/lib/python2.6/site-packages/django/core/handlers/base.py", line 115, in get_response
    response = callback(request, *callback_args, **callback_kwargs)
  File "/usr/lib/python2.6/site-packages/django/contrib/auth/decorators.py", line 25, in _wrapped_view
    return view_func(request, *args, **kwargs)
  File "/usr/local/sadweb/managekeys/views.py", line 39, in manageMinionKeys
    minions, minions_pre, minions_rej = sapi.allMinionKeys()
  File "/usr/local/sadweb/saltstack/saltapi.py", line 97, in allMinionKeys
    content = self.postRequest(obj)
  File "/usr/local/sadweb/saltstack/saltapi.py", line 52, in postRequest
    opener = urllib2.urlopen(req)
  File "/usr/lib64/python2.6/urllib2.py", line 126, in urlopen
    return _opener.open(url, data, timeout)
  File "/usr/lib64/python2.6/urllib2.py", line 397, in open
    response = meth(req, response)
  File "/usr/lib64/python2.6/urllib2.py", line 510, in http_response
    'http', request, response, code, msg, hdrs)
  File "/usr/lib64/python2.6/urllib2.py", line 435, in error
    return self._call_chain(*args)
  File "/usr/lib64/python2.6/urllib2.py", line 369, in _call_chain
    result = func(*args)
  File "/usr/lib64/python2.6/urllib2.py", line 518, in http_error_default
    raise HTTPError(req.get_full_url(), code, msg, hdrs, fp)
HTTPError: HTTP Error 401: Unauthorized
[29/Dec/2016 13:29:18] "GET /keys/show/ HTTP/1.0" 500 104264
[29/Dec/2016 13:29:20] "GET /accounts/login/?next=/keys/show/ HTTP/1.0" 200 3229
[29/Dec/2016 13:29:21] "GET /accounts/login/?noCache=1482989360464 HTTP/1.0" 200 3229
[29/Dec/2016 13:29:22] "POST /accounts/login/?next=/keys/show/ HTTP/1.0" 302 0
Internal Server Error: /keys/show/
Traceback (most recent call last):
  File "/usr/lib/python2.6/site-packages/django/core/handlers/base.py", line 115, in get_response
    response = callback(request, *callback_args, **callback_kwargs)
  File "/usr/lib/python2.6/site-packages/django/contrib/auth/decorators.py", line 25, in _wrapped_view
    return view_func(request, *args, **kwargs)
  File "/usr/local/sadweb/managekeys/views.py", line 39, in manageMinionKeys
    minions, minions_pre, minions_rej = sapi.allMinionKeys()
  File "/usr/local/sadweb/saltstack/saltapi.py", line 97, in allMinionKeys
    content = self.postRequest(obj)
  File "/usr/local/sadweb/saltstack/saltapi.py", line 52, in postRequest
    opener = urllib2.urlopen(req)
  File "/usr/lib64/python2.6/urllib2.py", line 126, in urlopen
    return _opener.open(url, data, timeout)
  File "/usr/lib64/python2.6/urllib2.py", line 397, in open
    response = meth(req, response)
  File "/usr/lib64/python2.6/urllib2.py", line 510, in http_response
    'http', request, response, code, msg, hdrs)
  File "/usr/lib64/python2.6/urllib2.py", line 435, in error
    return self._call_chain(*args)
  File "/usr/lib64/python2.6/urllib2.py", line 369, in _call_chain
    result = func(*args)
  File "/usr/lib64/python2.6/urllib2.py", line 518, in http_error_default
    raise HTTPError(req.get_full_url(), code, msg, hdrs, fp)
HTTPError: HTTP Error 401: Unauthorized
[29/Dec/2016 13:29:22] "GET /keys/show/ HTTP/1.0" 500 104264
[31/Dec/2016 08:13:02] "GET / HTTP/1.0" 200 6517
[31/Dec/2016 08:13:02] "GET /static/bootstrap/3.3.4/css/bootstrap.min.css HTTP/1.0" 200 117305
[31/Dec/2016 08:13:02] "GET /static/bootstrap/3.3.4/css/bootstrap-theme.min.css HTTP/1.0" 200 19963
[31/Dec/2016 08:13:02] "GET /static/otherjs/jquery.min.js HTTP/1.0" 200 95966
[31/Dec/2016 08:13:02] "GET /static/bootstrap/3.3.4/js/bootstrap.min.js HTTP/1.0" 200 35951
[31/Dec/2016 08:13:02] "GET /static/otherjs/docs.min.js HTTP/1.0" 200 44128
[31/Dec/2016 08:13:02] "GET /static/theme/dashboard.css HTTP/1.0" 200 1557
[31/Dec/2016 08:13:02] "GET /static/otherjs/dzhops.js HTTP/1.0" 200 14853
[31/Dec/2016 08:13:03] "GET /static/otherjs/ie10-viewport-bug-workaround.js HTTP/1.0" 200 694
[31/Dec/2016 08:13:03] "GET /static/otherjs/ie-emulation-modes-warning.js HTTP/1.0" 200 2132
[31/Dec/2016 08:13:03] "GET /static/otherjs/cloud.js HTTP/1.0" 200 46136
[31/Dec/2016 08:13:04] "GET /static/otherjs/ga.js HTTP/1.0" 200 40948
[31/Dec/2016 08:13:04] "GET /static/img/sa.jpg HTTP/1.0" 200 5895
[31/Dec/2016 08:13:04] "GET /static/bootstrap/3.3.4/fonts/glyphicons-halflings-regular.woff2 HTTP/1.0" 200 18028
[31/Dec/2016 08:13:04] "GET /?noCache=1483143184911 HTTP/1.0" 200 6517
[31/Dec/2016 08:13:15] "GET /index/index/ HTTP/1.0" 200 6517
[31/Dec/2016 08:13:15] "GET /index/index/?noCache=1483143195772 HTTP/1.0" 200 6517
[31/Dec/2016 08:13:16] "GET /index/index/ HTTP/1.0" 200 6517
[31/Dec/2016 08:13:16] "GET /index/index/?noCache=1483143196696 HTTP/1.0" 200 6517
[31/Dec/2016 08:13:17] "GET /index/index/ HTTP/1.0" 200 6517
[31/Dec/2016 08:13:17] "GET /index/index/?noCache=1483143197360 HTTP/1.0" 200 6517
[31/Dec/2016 08:13:17] "GET /index/index/ HTTP/1.0" 200 6517
[31/Dec/2016 08:13:18] "GET /index/index/?noCache=1483143198055 HTTP/1.0" 200 6517
[31/Dec/2016 08:17:17] "GET /index/index/ HTTP/1.0" 200 6517
[31/Dec/2016 08:17:17] "GET /static/img/favicon.ico HTTP/1.0" 200 1150
[31/Dec/2016 08:17:17] "GET /index/index/?noCache=1483143437341 HTTP/1.0" 200 6517
[31/Dec/2016 08:17:17] "GET /index/index/ HTTP/1.0" 200 6517
[31/Dec/2016 08:17:17] "GET /static/img/favicon.ico HTTP/1.0" 200 1150
[31/Dec/2016 08:17:17] "GET /index/index/?noCache=1483143437945 HTTP/1.0" 200 6517
Validating models...

0 errors found
December 29, 2016 - 08:35:57
Django version 1.5, using settings 'sadweb.settings'
Development server is running at http://0.0.0.0:12000/
Quit the server with CONTROL-C.
2016-12-29 08:36:02
2016-12-29 08:35:01
2016-12-29 08:30:01
2016-12-29 08:36:02
2016-12-29 08:35:01
2016-12-29 08:30:01
2016-12-29 08:36:02
2016-12-29 08:35:01
2016-12-29 08:30:01
2016-12-29 08:36:02
2016-12-29 08:35:01
2016-12-29 08:30:01
2016-12-29 08:36:02
2016-12-29 08:35:01
2016-12-29 08:30:01
2016-12-29 08:36:02
2016-12-29 08:35:01
2016-12-29 08:30:01
2016-12-29 08:36:02
2016-12-29 08:35:01
2016-12-29 08:30:01
2016-12-29 08:36:02
2016-12-29 08:35:01
2016-12-29 08:30:01
2016-12-29 08:36:02
2016-12-29 08:35:01
2016-12-29 08:30:01
2016-12-29 08:36:02
2016-12-29 08:35:01
2016-12-29 08:30:01
2016-12-29 08:36:02
2016-12-29 08:35:01
2016-12-29 08:30:01
2016-12-29 08:36:02
2016-12-29 08:35:01
2016-12-29 08:30:01
2016-12-29 08:36:02
2016-12-29 08:35:01
2016-12-29 08:30:01
2016-12-29 08:36:02
2016-12-29 08:35:01
2016-12-29 08:30:01
2016-12-29 08:36:02
2016-12-29 08:35:01
2016-12-29 08:30:01
2016-12-29 08:36:02
2016-12-29 08:35:01
2016-12-29 08:30:01
2016-12-29 08:36:02
2016-12-29 08:35:01
2016-12-29 08:30:01
2016-12-29 08:36:02
2016-12-29 08:35:01
2016-12-29 08:30:01
2016-12-29 08:36:02
2016-12-29 08:35:01
2016-12-29 08:30:01
2016-12-29 08:36:02
2016-12-29 08:35:01
2016-12-29 08:30:01
2016-12-29 08:36:02
2016-12-29 08:35:01
2016-12-29 08:30:01
2016-12-29 08:36:02
2016-12-29 08:35:01
2016-12-29 08:30:01
2016-12-29 08:36:02
2016-12-29 08:35:01
2016-12-29 08:30:01
2016-12-29 08:36:02
2016-12-29 08:35:01
2016-12-29 08:30:01
2016-12-29 08:36:02
2016-12-29 08:35:01
2016-12-29 08:30:01
2016-12-29 08:36:02
2016-12-29 08:35:01
2016-12-29 08:30:01
2016-12-29 08:36:02
2016-12-29 08:35:01
2016-12-29 08:30:01
2016-12-29 08:55:02
2016-12-29 08:55:02
2016-12-29 08:50:01
2016-12-29 08:55:02
2016-12-29 08:55:02
2016-12-29 08:50:01
2016-12-29 08:55:02
2016-12-29 08:55:02
2016-12-29 08:50:01
2016-12-29 08:55:02
2016-12-29 08:55:02
2016-12-29 08:50:01
2016-12-29 08:55:02
2016-12-29 08:55:02
2016-12-29 08:50:01
2016-12-29 08:55:02
2016-12-29 08:55:02
2016-12-29 08:50:01
2016-12-29 08:55:02
2016-12-29 08:55:02
2016-12-29 08:50:01
2016-12-29 08:55:02
2016-12-29 08:55:02
2016-12-29 08:50:01
2016-12-29 08:55:02
2016-12-29 08:55:02
2016-12-29 08:50:01
2016-12-29 08:55:02
2016-12-29 08:55:02
2016-12-29 08:50:01
2016-12-29 08:55:02
2016-12-29 08:55:02
2016-12-29 08:50:01
2016-12-29 08:55:02
2016-12-29 08:55:02
2016-12-29 08:50:01
2016-12-29 08:55:02
2016-12-29 08:55:02
2016-12-29 08:50:01
2016-12-29 08:55:02
2016-12-29 08:55:02
2016-12-29 08:50:01
2016-12-29 08:55:02
2016-12-29 08:55:02
2016-12-29 08:50:01
2016-12-29 08:55:02
2016-12-29 08:55:02
2016-12-29 08:50:01
2016-12-29 08:55:02
2016-12-29 08:55:02
2016-12-29 08:55:02
2016-12-29 08:55:02
2016-12-29 08:50:01
2016-12-29 08:50:01
2016-12-29 08:55:02
2016-12-29 08:55:02
2016-12-29 08:50:01
2016-12-29 08:55:02
2016-12-29 08:55:02
2016-12-29 08:50:01
2016-12-29 08:55:02
2016-12-29 08:55:02
2016-12-29 08:50:01
2016-12-29 08:55:02
2016-12-29 08:55:02
2016-12-29 08:50:01
2016-12-29 08:55:02
2016-12-29 08:55:02
2016-12-29 08:50:01
2016-12-29 16:01:01
2016-12-29 16:00:01
2016-12-29 16:00:06
2016-12-29 16:01:01
2016-12-29 16:00:01
2016-12-29 16:00:06
2016-12-29 16:01:01
2016-12-29 16:00:01
2016-12-29 16:00:06
2016-12-29 16:01:01
2016-12-29 16:00:01
2016-12-29 16:00:06
2016-12-29 16:01:01
2016-12-29 16:00:01
2016-12-29 16:00:06
2016-12-29 16:01:01
2016-12-29 16:00:01
2016-12-29 16:00:06
2016-12-29 16:01:01
2016-12-29 16:00:01
2016-12-29 16:00:06
2016-12-29 16:01:01
2016-12-29 16:00:01
2016-12-29 16:00:06
2016-12-29 16:01:01
2016-12-29 16:00:01
2016-12-29 16:00:06
2016-12-29 16:01:01
2016-12-29 16:00:01
2016-12-29 16:00:06
2016-12-29 16:01:01
2016-12-29 16:00:01
2016-12-29 16:00:06
2016-12-29 16:01:01
2016-12-29 16:00:01
2016-12-29 16:00:06
2016-12-29 16:01:01
2016-12-29 16:00:01
2016-12-29 16:00:06
2016-12-29 16:01:01
2016-12-29 16:00:01
2016-12-29 16:00:06
2016-12-29 16:01:01
2016-12-29 16:00:01
2016-12-29[31/Dec/2016 08:17:18] "GET /index/index/ HTTP/1.0" 200 6517
[31/Dec/2016 08:17:18] "GET /static/img/favicon.ico HTTP/1.0" 200 1150
[31/Dec/2016 08:17:18] "GET /index/index/?noCache=1483143438480 HTTP/1.0" 200 6517
[31/Dec/2016 08:17:18] "GET /index/index/ HTTP/1.0" 200 6517
[31/Dec/2016 08:17:18] "GET /static/img/favicon.ico HTTP/1.0" 200 1150
[31/Dec/2016 08:17:18] "GET /index/index/?noCache=1483143438940 HTTP/1.0" 200 6517
[31/Dec/2016 08:17:19] "GET /index/index/ HTTP/1.0" 200 6517
[31/Dec/2016 08:17:19] "GET /static/img/favicon.ico HTTP/1.0" 200 1150
[31/Dec/2016 08:17:19] "GET /index/index/?noCache=1483143439449 HTTP/1.0" 200 6517
[31/Dec/2016 08:17:19] "GET /index/index/ HTTP/1.0" 200 6517
[31/Dec/2016 08:17:19] "GET /static/img/favicon.ico HTTP/1.0" 200 1150
[31/Dec/2016 08:17:19] "GET /index/index/?noCache=1483143439916 HTTP/1.0" 200 6517
[31/Dec/2016 08:18:08] "GET /index/index/ HTTP/1.0" 200 6517
[31/Dec/2016 08:18:08] "GET /static/img/favicon.ico HTTP/1.0" 200 1150
[31/Dec/2016 08:18:08] "GET /index/index/?noCache=1483143488338 HTTP/1.0" 200 6517
[31/Dec/2016 08:18:10] "GET /index/index/ HTTP/1.0" 200 6517
[31/Dec/2016 08:18:10] "GET /static/img/favicon.ico HTTP/1.0" 200 1150
[31/Dec/2016 08:18:10] "GET /index/index/?noCache=1483143490521 HTTP/1.0" 200 6517
[31/Dec/2016 08:18:10] "GET /index/index/ HTTP/1.0" 200 6517
[31/Dec/2016 08:18:11] "GET /static/img/favicon.ico HTTP/1.0" 200 1150
[31/Dec/2016 08:18:11] "GET /index/index/?noCache=1483143491138 HTTP/1.0" 200 6517
[31/Dec/2016 08:18:11] "GET /index/index/ HTTP/1.0" 200 6517
[31/Dec/2016 08:18:11] "GET /static/img/favicon.ico HTTP/1.0" 200 1150
[31/Dec/2016 08:18:11] "GET /index/index/?noCache=1483143491725 HTTP/1.0" 200 6517
[31/Dec/2016 08:18:12] "GET /index/index/ HTTP/1.0" 200 6517
[31/Dec/2016 08:18:12] "GET /static/img/favicon.ico HTTP/1.0" 200 1150
[31/Dec/2016 08:18:12] "GET /index/index/?noCache=1483143492292 HTTP/1.0" 200 6517
[31/Dec/2016 08:18:12] "GET /index/index/ HTTP/1.0" 200 6517
[31/Dec/2016 08:18:12] "GET /static/img/favicon.ico HTTP/1.0" 200 1150
[31/Dec/2016 08:18:12] "GET /index/index/?noCache=1483143492809 HTTP/1.0" 200 6517
[31/Dec/2016 08:18:13] "GET /index/index/ HTTP/1.0" 200 6517
[31/Dec/2016 08:18:13] "GET /static/img/favicon.ico HTTP/1.0" 200 1150
[31/Dec/2016 08:18:13] "GET /index/index/?noCache=1483143493336 HTTP/1.0" 200 6517
[31/Dec/2016 08:18:13] "GET /index/index/ HTTP/1.0" 200 6517
[31/Dec/2016 08:18:13] "GET /static/img/favicon.ico HTTP/1.0" 200 1150
[31/Dec/2016 08:18:13] "GET /index/index/?noCache=1483143493777 HTTP/1.0" 200 6517
[31/Dec/2016 08:18:14] "GET /index/index/ HTTP/1.0" 200 6517
[31/Dec/2016 08:18:14] "GET /static/img/favicon.ico HTTP/1.0" 200 1150
[31/Dec/2016 08:18:14] "GET /index/index/?noCache=1483143494280 HTTP/1.0" 200 6517
[31/Dec/2016 08:18:14] "GET /index/index/ HTTP/1.0" 200 6517
[31/Dec/2016 08:18:14] "GET /static/img/favicon.ico HTTP/1.0" 200 1150
[31/Dec/2016 08:18:14] "GET /index/index/?noCache=1483143494758 HTTP/1.0" 200 6517
[31/Dec/2016 08:18:15] "GET /index/index/ HTTP/1.0" 200 6517
[31/Dec/2016 08:18:15] "GET /static/img/favicon.ico HTTP/1.0" 200 1150
[31/Dec/2016 08:18:15] "GET /index/index/?noCache=1483143495237 HTTP/1.0" 200 6517
[31/Dec/2016 08:18:15] "GET /index/index/ HTTP/1.0" 200 6517
[31/Dec/2016 08:18:15] "GET /static/img/favicon.ico HTTP/1.0" 200 1150
[31/Dec/2016 08:18:15] "GET /index/index/?noCache=1483143495835 HTTP/1.0" 200 6517
[31/Dec/2016 08:18:16] "GET /index/index/ HTTP/1.0" 200 6517
[31/Dec/2016 08:18:16] "GET /static/img/favicon.ico HTTP/1.0" 200 1150
[31/Dec/2016 08:18:16] "GET /index/index/?noCache=1483143496343 HTTP/1.0" 200 6517
[31/Dec/2016 08:18:16] "GET /index/index/ HTTP/1.0" 200 6517
[31/Dec/2016 08:18:16] "GET /static/img/favicon.ico HTTP/1.0" 200 1150
[31/Dec/2016 08:18:16] "GET /index/index/?noCache=1483143496863 HTTP/1.0" 200 6517
[31/Dec/2016 08:18:17] "GET /index/index/ HTTP/1.0" 200 6517
[31/Dec/2016 08:18:17] "GET /static/img/favicon.ico HTTP/1.0" 200 1150
[31/Dec/2016 08:18:17] "GET /index/index/?noCache=1483143497525 HTTP/1.0" 200 6517
[31/Dec/2016 08:18:17] "GET /index/index/ HTTP/1.0" 200 6517
[31/Dec/2016 08:18:18] "GET /static/img/favicon.ico HTTP/1.0" 200 1150
[31/Dec/2016 08:18:18] "GET /index/index/?noCache=1483143498052 HTTP/1.0" 200 6517
[31/Dec/2016 08:18:18] "GET /index/index/ HTTP/1.0" 200 6517
[31/Dec/2016 08:18:18] "GET /static/img/favicon.ico HTTP/1.0" 200 1150
[31/Dec/2016 08:18:18] "GET /index/index/?noCache=1483143498576 HTTP/1.0" 200 6517
[31/Dec/2016 08:18:18] "GET /index/index/ HTTP/1.0" 200 6517
[31/Dec/2016 08:18:19] "GET /static/img/favicon.ico HTTP/1.0" 200 1150
[31/Dec/2016 08:18:19] "GET /index/index/?noCache=1483143499134 HTTP/1.0" 200 6517
[31/Dec/2016 08:18:19] "GET /index/index/ HTTP/1.0" 200 6517
[31/Dec/2016 08:18:19] "GET /static/img/favicon.ico HTTP/1.0" 200 1150
[31/Dec/2016 08:18:19] "GET /index/index/?noCache=1483143499704 HTTP/1.0" 200 6517
[31/Dec/2016 08:18:20] "GET /index/index/ HTTP/1.0" 200 6517
[31/Dec/2016 08:18:20] "GET /static/img/favicon.ico HTTP/1.0" 200 1150
[31/Dec/2016 08:18:20] "GET /index/index/?noCache=1483143500277 HTTP/1.0" 200 6517
[31/Dec/2016 08:18:20] "GET /index/index/ HTTP/1.0" 200 6517
[31/Dec/2016 08:18:20] "GET /index/index/?noCache=1483143500822 HTTP/1.0" 200 6517
[31/Dec/2016 08:18:21] "GET /index/index/ HTTP/1.0" 200 6517
[31/Dec/2016 08:18:21] "GET /static/img/favicon.ico HTTP/1.0" 200 1150
[31/Dec/2016 08:18:21] "GET /index/index/?noCache=1483143501327 HTTP/1.0" 200 6517
[31/Dec/2016 08:18:21] "GET /index/index/ HTTP/1.0" 200 6517
[31/Dec/2016 08:18:21] "GET /static/img/favicon.ico HTTP/1.0" 200 1150
[31/Dec/2016 08:18:22] "GET /index/index/?noCache=1483143502019 HTTP/1.0" 200 6517
[31/Dec/2016 08:18:23] "GET /index/index/ HTTP/1.0" 200 6517
[31/Dec/2016 08:18:23] "GET /static/img/favicon.ico HTTP/1.0" 200 1150
[31/Dec/2016 08:18:23] "GET /index/index/?noCache=1483143503376 HTTP/1.0" 200 6517
[31/Dec/2016 08:18:23] "GET /index/index/ HTTP/1.0" 200 6517
[31/Dec/2016 08:18:23] "GET /static/img/favicon.ico HTTP/1.0" 200 1150
[31/Dec/2016 08:18:23] "GET /index/index/?noCache=1483143503948 HTTP/1.0" 200 6517
[31/Dec/2016 08:18:24] "GET /index/index/ HTTP/1.0" 200 6517
[31/Dec/2016 08:18:24] "GET /static/img/favicon.ico HTTP/1.0" 200 1150
[31/Dec/2016 08:18:24] "GET /index/index/?noCache=1483143504490 HTTP/1.0" 200 6517
[31/Dec/2016 08:18:24] "GET /index/index/ HTTP/1.0" 200 6517
[31/Dec/2016 08:18:24] "GET /static/img/favicon.ico HTTP/1.0" 200 1150
[31/Dec/2016 08:18:24] "GET /index/index/?noCache=1483143504993 HTTP/1.0" 200 6517
[31/Dec/2016 08:18:25] "GET /index/index/ HTTP/1.0" 200 6517
[31/Dec/2016 08:18:25] "GET /static/img/favicon.ico HTTP/1.0" 200 1150
[31/Dec/2016 08:18:25] "GET /index/index/?noCache=1483143505503 HTTP/1.0" 200 6517
[31/Dec/2016 08:18:25] "GET /index/index/ HTTP/1.0" 200 6517
[31/Dec/2016 08:18:25] "GET /static/img/favicon.ico HTTP/1.0" 200 1150
[31/Dec/2016 08:18:26] "GET /index/index/?noCache=1483143506011 HTTP/1.0" 200 6517
[31/Dec/2016 08:18:26] "GET /index/index/ HTTP/1.0" 200 6517
[31/Dec/2016 08:18:26] "GET /static/img/favicon.ico HTTP/1.0" 200 1150
[31/Dec/2016 08:18:26] "GET /index/index/?noCache=1483143506514 HTTP/1.0" 200 6517
[31/Dec/2016 08:19:40] "GET /index/index/ HTTP/1.0" 200 6517
[31/Dec/2016 08:19:40] "GET /static/img/favicon.ico HTTP/1.0" 200 1150
 16:00:06
2016-12-29 16:01:01
2016-12-29 16:00:01
2016-12-29 16:00:06
2016-12-29 16:01:01
2016-12-29 16:00:01
2016-12-29 16:00:06
2016-12-29 16:01:01
2016-12-29 16:00:01
2016-12-29 16:00:06
2016-12-29 16:01:01
2016-12-29 16:00:01
2016-12-29 16:00:06
2016-12-29 16:01:01
2016-12-29 16:00:01
2016-12-29 16:00:06
2016-12-29 16:01:01
2016-12-29 16:00:01
2016-12-29 16:00:06
2016-12-29 16:01:01
2016-12-29 16:00:01
2016-12-29 16:00:06
2016-12-31 08:18:03
2016-12-29 16:00:01
2016-12-29 16:00:06
2016-12-31 08:18:03
2016-12-29 16:00:01
2016-12-29 16:00:06
2016-12-31 08:18:03
2016-12-29 16:00:01
2016-12-29 16:00:06
2016-12-31 08:18:03
2016-12-29 16:00:01
2016-12-29 16:00:06
2016-12-31 08:18:03
2016-12-29 16:00:01
2016-12-29 16:00:06
2016-12-31 08:18:03
2016-12-29 16:00:01
2016-12-29 16:00:06
2016-12-31 08:18:03
2016-12-29 16:00:01
2016-12-29 16:00:06
2016-12-31 08:18:03
2016-12-29 16:00:01
2016-12-29 16:00:06
2016-12-31 08:18:03
2016-12-29 16:00:01
2016-12-29 16:00:06
2016-12-31 08:18:03
2016-12-29 16:00:01
2016-12-29 16:00:06
2016-12-31 08:18:03
2016-12-29 16:00:01
2016-12-29 16:00:06
2016-12-31 08:18:03
2016-12-29 16:00:01
2016-12-29 16:00:06
2016-12-31 08:18:03
2016-12-29 16:00:01
2016-12-29 16:00:06
2016-12-31 08:18:03
2016-12-29 16:00:01
2016-12-29 16:00:06
2016-12-31 08:18:03
2016-12-29 16:00:01
2016-12-29 16:00:06
2016-12-31 08:18:03
2016-12-29 16:00:01
2016-12-29 16:00:06
2016-12-31 08:18:03
2016-12-29 16:00:01
2016-12-29 16:00:06
2016-12-31 08:18:03
2016-12-29 16:00:01
2016-12-29 16:00:06
2016-12-31 08:18:03
2016-12-29 16:00:01
2016-12-29 16:00:06
2016-12-31 08:18:03
2016-12-29 16:00:01
2016-12-29 16:00:06
2016-12-31 08:18:03
2016-12-29 16:00:01
2016-12-29 16:00:06
2016-12-31 08:18:03
2016-12-29 16:00:01
2016-12-29 16:00:06
2016-12-31 08:18:03
2016-12-29 16:00:01
2016-12-29 16:00:06
2016-12-31 08:18:03
2016-12-29 16:00:01
2016-12-29 16:00:06
2016-12-31 08:18:03
2016-12-29 16:00:01
2016-12-29 16:00:06
2016-12-31 08:18:03
2016-12-29 16:00:01
2016-12-29 16:00:06
2016-12-31 08:18:03
2016-12-29 16:00:01
2016-12-29 16:00:06
2016-12-31 08:18:03
2016-12-29 16:00:01
2016-12-29 16:00:06
2016-12-31 08:18:03
2016-12-29 16:00:01
2016-12-29 16:00:06
2016-12-31 08:18:03
2016-12-29 16:00:01
2016-12-29 16:00:06
2016-12-31 08:18:03
2016-12-29 16:00:01
2016-12-29 16:00:06
2016-12-31 08:18:03
2016-12-29 16:00:01
2016-12-29 16:00:06
2016-12-31 08:18:03
2016-12-29 16:00:01
2016-12-29 16:00:06
2016-12-31 08:18:03
2016-12-29 16:00:01
2016-12-29 16:00:06
2016-12-31 08:18:03
2016-12-29 16:00:01
2016-12-29 16:00:06
2016-12-31 08:18:03
2016-12-29 16:00:01
2016-12-29 16:00:06
2016-12-31 08:18:03
2016-12-29 16:00:01
2016-12-29 16:00:06
2016-12-31 08:18:03
2016-12-29 16:00:01
2016-12-29 16:00:06
2016-12-31 08:18:03
2016-12-29 16:00:01
2016-12-29 16:00:06
2016-12-31 08:18:03
2016-12-29 16:00:01
2016-12-29 16:00:06
2016-12-31 08:18:03
2016-12-29 16:00:01
2016-12-29 16:00:06
2016-12-31 08:18:03
2016-12-29 16:00:01
2016-12-29 16:00:06
2016-12-31 08:18:03
2016-12-29 16:00:01
2016-12-29 16:00:06
2016-12-31 08:18:03
2016-12-29 16:00:01
2016-12-29 16:00:06
2016-12-31 08:18:03
2016-12-29 16:00:01
2016-12-29 16:00:06
2016-12-31 08:18:03
2016-12-29 16:00:01
2016-12-29 16:00:06
2016-12-31 08:18:03
2016-12-29 16:00:01
2016-12-29 16:00:06
2016-12-31 08:18:03
2016-12-29 16:00:01
2016-12-29 16:00:06
2016-12-31 08:18:03
2016-12-29 16:00:01
2016-12-29 16:00:06
2016-12-31 08:18:03
2016-12-29 16:00:01
2016-12-29 16:00:06
2016-12-31 08:18:03
2016-12-29 16:00:01
2016-12-29 16:00:06
2016-12-31 08:18:03
2016-12-29 16:00:01
2016-12-29 16:00:06
2016-12-31 08:18:03
2016-12-29 16:00:01
2016-12-29 16:00:06
2016-12-31 08:18:03
2016-12-29 16:00:01
2016-12-29 16:00:06
2016-12-31 08:18:03
2016-12-29 16:00:01
2016-12-29 16:00:06
2016-12-31 08:18:03
2016-12-29 16:00:01
2016-12-29 16:00:06
2016-12-31 08:18:03
2016-12-29 16:00:01
2016-12-29 16:00:06
2016-12-31 08:18:03
2016-12-29 16:00:01
2016-12-29 16:00:06
2016-12-31 08:18:03
2016-12-29 16:00:01
2016-12-29 16:00:06
2016-12-31 08:18:03
2016-12-29 16:00:01
2016-12-29 16:00:06
2016-12-31 08:19:02
2016-12-29 16:00:01
2016-12-29 16:00:06
2016-1[31/Dec/2016 08:19:40] "GET /index/index/?noCache=1483143580900 HTTP/1.0" 200 6517
[31/Dec/2016 08:19:42] "GET /index/index/ HTTP/1.0" 200 6517
[31/Dec/2016 08:19:42] "GET /static/img/favicon.ico HTTP/1.0" 200 1150
[31/Dec/2016 08:19:42] "GET /index/index/?noCache=1483143582256 HTTP/1.0" 200 6517
Traceback (most recent call last):
  File "/usr/lib64/python2.6/wsgiref/handlers.py", line 94, in run
    self.finish_response()
  File "/usr/lib64/python2.6/wsgiref/handlers.py", line 135, in finish_response
    self.write(data)
  File "/usr/lib64/python2.6/wsgiref/handlers.py", line 218, in write
    self.send_headers()
  File "/usr/lib64/python2.6/wsgiref/handlers.py", line 275, in send_headers
    self._write(str(self.headers))
  File "/usr/lib64/python2.6/socket.py", line 318, in write
    self.flush()
  File "/usr/lib64/python2.6/socket.py", line 297, in flush
    self._sock.sendall(buffer(data, write_offset, buffer_size))
error: [Errno 32] Broken pipe
Traceback (most recent call last):
  File "/usr/lib64/python2.6/SocketServer.py", line 560, in process_request_thread
    self.finish_request(request, client_address)
  File "/usr/lib64/python2.6/SocketServer.py", line 322, in finish_request
    self.RequestHandlerClass(request, client_address, self)
  File "/usr/lib/python2.6/site-packages/django/core/servers/basehttp.py", line 150, in __init__
    super(WSGIRequestHandler, self).__init__(*args, **kwargs)
  File "/usr/lib64/python2.6/SocketServer.py", line 618, in __init__
    self.finish()
  File "/usr/lib64/python2.6/SocketServer.py", line 661, in finish
    self.wfile.flush()
  File "/usr/lib64/python2.6/socket.py", line 297, in flush
    self._sock.sendall(buffer(data, write_offset, buffer_size))
error: [Errno 32] Broken pipe
[31/Dec/2016 08:19:47] "GET /keys/show/ HTTP/1.0" 200 132686
[31/Dec/2016 08:19:51] "GET /keys/show/?noCache=1483143588571 HTTP/1.0" 200 132686
[31/Dec/2016 08:20:56] "GET /deploy/deploy/ HTTP/1.0" 200 6620
[31/Dec/2016 08:20:56] "GET /deploy/deploy/?noCache=1483143656422 HTTP/1.0" 200 6620
[31/Dec/2016 08:20:58] "GET /index/index/ HTTP/1.0" 200 6523
[31/Dec/2016 08:20:58] "GET /index/index/?noCache=1483143658967 HTTP/1.0" 200 6523
[31/Dec/2016 08:21:02] "GET /index/index/ HTTP/1.0" 200 6523
[31/Dec/2016 08:21:02] "GET /static/img/favicon.ico HTTP/1.0" 200 1150
[31/Dec/2016 08:21:02] "GET /index/index/?noCache=1483143662239 HTTP/1.0" 200 6523
[31/Dec/2016 08:50:21] "GET /index/index/ HTTP/1.0" 200 6523
[31/Dec/2016 08:50:22] "GET /index/index/?noCache=1483145422123 HTTP/1.0" 200 6523
[31/Dec/2016 08:50:22] "GET /static/img/favicon.ico HTTP/1.0" 200 1150
[31/Dec/2016 08:50:23] "GET /keys/show/ HTTP/1.0" 200 133226
[31/Dec/2016 08:50:24] "GET /keys/show/?noCache=1483145423944 HTTP/1.0" 200 133226
[31/Dec/2016 08:52:14] "GET /keys/show/ HTTP/1.0" 200 137726
[31/Dec/2016 08:52:15] "GET /static/img/favicon.ico HTTP/1.0" 200 1150
[31/Dec/2016 08:52:15] "GET /keys/show/?noCache=1483145535667 HTTP/1.0" 200 137726
[31/Dec/2016 08:52:18] "GET /index/index/ HTTP/1.0" 200 6523
[31/Dec/2016 08:52:18] "GET /index/index/?noCache=1483145539046 HTTP/1.0" 200 6523
[31/Dec/2016 08:52:20] "GET /keys/show/ HTTP/1.0" 200 137726
[31/Dec/2016 08:52:21] "GET /keys/show/?noCache=1483145540940 HTTP/1.0" 200 137726
[31/Dec/2016 08:54:23] "GET /keys/show/ HTTP/1.0" 200 137735
[31/Dec/2016 08:54:24] "GET /static/img/favicon.ico HTTP/1.0" 200 1150
[31/Dec/2016 08:54:24] "GET /keys/show/?noCache=1483145664497 HTTP/1.0" 200 137735
[31/Dec/2016 08:55:07] "GET /keys/show/ HTTP/1.0" 200 137735
[31/Dec/2016 08:55:08] "GET /static/img/favicon.ico HTTP/1.0" 200 1150
[31/Dec/2016 08:55:08] "GET /keys/show/?noCache=1483145708188 HTTP/1.0" 200 137735
[31/Dec/2016 08:56:34] "GET /keys/show/ HTTP/1.0" 200 137748
[31/Dec/2016 08:56:34] "GET /static/img/favicon.ico HTTP/1.0" 200 1150
[31/Dec/2016 08:56:35] "GET /keys/show/?noCache=1483145794924 HTTP/1.0" 200 137748
[31/Dec/2016 09:00:33] "GET /static/img/dataloading.gif HTTP/1.0" 200 1553
[31/Dec/2016 09:00:34] "GET /keys/api/?col=rej&dcen=DC_ALL&engi=EG_ALL HTTP/1.0" 200 2
[31/Dec/2016 09:00:50] "GET /keys/api/?col=acp&dcen=DC_ALL&engi=EG_ALL HTTP/1.0" 200 4758
[31/Dec/2016 09:00:57] "GET /keys/api/?col=pre&dcen=DC_ALL&engi=EG_ALL HTTP/1.0" 200 2
[31/Dec/2016 09:00:59] "GET /keys/api/?col=acp&dcen=DC_ALL&engi=EG_ALL HTTP/1.0" 200 4758
[31/Dec/2016 09:01:05] "GET /index/index/ HTTP/1.0" 200 6523
[31/Dec/2016 09:01:05] "GET /index/index/?noCache=1483146065364 HTTP/1.0" 200 6523
[31/Dec/2016 09:01:06] "GET /keys/show/ HTTP/1.0" 200 137739
[31/Dec/2016 09:01:07] "GET /keys/show/?noCache=1483146067551 HTTP/1.0" 200 137739
[31/Dec/2016 09:02:42] "GET /keys/show/ HTTP/1.0" 200 137817
[31/Dec/2016 09:02:43] "GET /static/img/favicon.ico HTTP/1.0" 200 1150
[31/Dec/2016 09:02:44] "GET /keys/show/?noCache=1483146163912 HTTP/1.0" 200 137817
[31/Dec/2016 09:02:47] "GET /index/index/ HTTP/1.0" 200 6523
[31/Dec/2016 09:02:47] "GET /index/index/?noCache=1483146168028 HTTP/1.0" 200 6523
[31/Dec/2016 09:02:48] "GET /keys/show/ HTTP/1.0" 200 137817
[31/Dec/2016 09:02:49] "GET /keys/show/?noCache=1483146169617 HTTP/1.0" 200 137817
